1.1.1.setup-new-project.sh;Sunday 17 November 2024 09:15:36 PM IST
1.2.1.setup-confirm-config.sh;Sunday 17 November 2024 09:17:32 PM IST
1.3.1.setup-project-dirs.sh;Sunday 17 November 2024 09:17:36 PM IST
1.4.1.setup-gen-clips.sh;Sunday 17 November 2024 09:17:40 PM IST
1.5.1.setup-project-backups.sh;Sunday 17 November 2024 09:17:43 PM IST
2.1.1.scans-monitor-dump.sh;Sunday 17 November 2024 09:17:48 PM IST
2.1.2.scans-check-all-venueids.sh;Sunday 17 November 2024 09:18:08 PM IST
2.2.1.scans-link-to-pageids.sh;Sunday 17 November 2024 09:18:13 PM IST
2.3.1.scans-sizeup-pages.sh;Sunday 17 November 2024 09:18:16 PM IST
2.3.2.scans-stamp-blank-pages.sh;Sunday 17 November 2024 09:18:20 PM IST
3.1.1.xtrapages-make-tex.sh;Sunday 17 November 2024 09:18:26 PM IST
3.1.2.xtrapages-rank-tex.sh;Sunday 17 November 2024 09:18:27 PM IST
3.3.1.xtrapages-grab-marks.sh;Sunday 17 November 2024 09:40:22 PM IST
4.1.1.graders-make-tex.sh;Sunday 17 November 2024 09:40:25 PM IST
4.1.2.graders-rank-tex.sh;Sunday 17 November 2024 09:40:29 PM IST
4.8.1.graders-find-progress.sh;Sunday 17 November 2024 09:40:50 PM IST
x16.cron-backup-puddle.sh;Mon Nov 18 00:00:01 IST 2024
x17.cron-backup-cloud.sh;Mon Nov 18 00:00:01 IST 2024
x16.cron-backup-puddle.sh;Mon Nov 18 08:00:02 IST 2024
x17.cron-backup-cloud.sh;Mon Nov 18 12:00:01 IST 2024
x16.cron-backup-puddle.sh;Mon Nov 18 16:00:01 IST 2024
x16.cron-backup-puddle.sh;Tue Nov 19 00:00:01 IST 2024
x17.cron-backup-cloud.sh;Tue Nov 19 00:00:01 IST 2024
x16.cron-backup-puddle.sh;Tue Nov 19 08:00:01 IST 2024
x17.cron-backup-cloud.sh;Tue Nov 19 12:00:01 IST 2024
x16.cron-backup-puddle.sh;Tue Nov 19 16:00:01 IST 2024
x17.cron-backup-cloud.sh;Wed Nov 20 00:00:01 IST 2024
x16.cron-backup-puddle.sh;Wed Nov 20 00:00:01 IST 2024
x16.cron-backup-puddle.sh;Wed Nov 20 08:00:01 IST 2024
x17.cron-backup-cloud.sh;Wed Nov 20 12:00:01 IST 2024
x16.cron-backup-puddle.sh;Wed Nov 20 16:00:01 IST 2024
x17.cron-backup-cloud.sh;Thu Nov 21 00:00:01 IST 2024
x16.cron-backup-puddle.sh;Thu Nov 21 00:00:01 IST 2024
x16.cron-backup-puddle.sh;Thu Nov 21 08:00:01 IST 2024
x17.cron-backup-cloud.sh;Thu Nov 21 12:00:01 IST 2024
x16.cron-backup-puddle.sh;Thu Nov 21 16:00:01 IST 2024
x17.cron-backup-cloud.sh;Fri Nov 22 00:00:01 IST 2024
x16.cron-backup-puddle.sh;Fri Nov 22 00:00:01 IST 2024
x16.cron-backup-puddle.sh;Fri Nov 22 08:00:01 IST 2024
x17.cron-backup-cloud.sh;Fri Nov 22 12:00:01 IST 2024
x16.cron-backup-puddle.sh;Fri Nov 22 16:00:01 IST 2024
4.8.1.graders-find-progress.sh;Friday 22 November 2024 07:21:36 PM IST
x16.cron-backup-puddle.sh;Sat Nov 23 00:00:01 IST 2024
x17.cron-backup-cloud.sh;Sat Nov 23 00:00:01 IST 2024
x16.cron-backup-puddle.sh;Sat Nov 23 08:00:01 IST 2024
x17.cron-backup-cloud.sh;Sat Nov 23 12:00:01 IST 2024
x16.cron-backup-puddle.sh;Sat Nov 23 16:00:01 IST 2024
x16.cron-backup-puddle.sh;Sun Nov 24 00:00:01 IST 2024
x17.cron-backup-cloud.sh;Sun Nov 24 00:00:01 IST 2024
x16.cron-backup-puddle.sh;Sun Nov 24 08:00:01 IST 2024
x17.cron-backup-cloud.sh;Sun Nov 24 12:00:01 IST 2024
x16.cron-backup-puddle.sh;Sun Nov 24 16:00:02 IST 2024
x16.cron-backup-puddle.sh;Mon Nov 25 00:00:01 IST 2024
x17.cron-backup-cloud.sh;Mon Nov 25 00:00:01 IST 2024
x16.cron-backup-puddle.sh;Mon Nov 25 08:00:01 IST 2024
4.8.1.graders-find-progress.sh;Monday 25 November 2024 09:58:35 AM IST
4.8.1.graders-find-progress.sh;Monday 25 November 2024 09:58:42 AM IST
4.8.1.graders-find-progress.sh;Monday 25 November 2024 09:58:44 AM IST
4.8.1.graders-find-progress.sh;Monday 25 November 2024 09:58:47 AM IST
4.8.1.graders-find-progress.sh;Monday 25 November 2024 10:01:00 AM IST
4.8.1.graders-find-progress.sh;Monday 25 November 2024 10:01:02 AM IST
4.8.1.graders-find-progress.sh;Monday 25 November 2024 10:01:04 AM IST
4.8.1.graders-find-progress.sh;Monday 25 November 2024 10:01:06 AM IST
4.8.1.graders-find-progress.sh;Monday 25 November 2024 10:01:08 AM IST
4.8.1.graders-find-progress.sh;Monday 25 November 2024 10:03:50 AM IST
x17.cron-backup-cloud.sh;Mon Nov 25 12:00:01 IST 2024
x16.cron-backup-puddle.sh;Mon Nov 25 16:00:01 IST 2024
4.8.1.graders-find-progress.sh;Monday 25 November 2024 06:08:30 PM IST
4.8.1.graders-find-progress.sh;Monday 25 November 2024 06:10:03 PM IST
4.8.1.graders-find-progress.sh;Monday 25 November 2024 06:22:44 PM IST
4.8.1.graders-find-progress.sh;Monday 25 November 2024 06:23:17 PM IST
4.8.1.graders-find-progress.sh;Monday 25 November 2024 06:27:32 PM IST
4.8.1.graders-find-progress.sh;Monday 25 November 2024 06:42:35 PM IST
4.9.1.graders-grab-marks.sh;Monday 25 November 2024 06:43:06 PM IST
4.9.2.graders-tally-marks.sh;Monday 25 November 2024 06:43:17 PM IST
7.1.1.finalize-test-stats.sh;Monday 25 November 2024 06:44:26 PM IST
4.9.1.graders-grab-marks.sh;Monday 25 November 2024 07:25:46 PM IST
4.8.1.graders-find-progress.sh;Monday 25 November 2024 07:25:59 PM IST
4.8.1.graders-find-progress.sh;Monday 25 November 2024 08:07:36 PM IST
4.8.1.graders-find-progress.sh;Monday 25 November 2024 08:23:59 PM IST
4.8.1.graders-find-progress.sh;Monday 25 November 2024 08:41:44 PM IST
4.9.1.graders-grab-marks.sh;Monday 25 November 2024 08:41:57 PM IST
4.9.2.graders-tally-marks.sh;Monday 25 November 2024 08:42:10 PM IST
7.1.1.finalize-test-stats.sh;Monday 25 November 2024 08:42:17 PM IST
x17.cron-backup-cloud.sh;Tue Nov 26 00:00:01 IST 2024
x16.cron-backup-puddle.sh;Tue Nov 26 00:00:01 IST 2024
x16.cron-backup-puddle.sh;Tue Nov 26 08:00:01 IST 2024
x17.cron-backup-cloud.sh;Tue Nov 26 12:00:01 IST 2024
x16.cron-backup-puddle.sh;Tue Nov 26 16:00:01 IST 2024
4.8.1.graders-find-progress.sh;Tuesday 26 November 2024 04:56:53 PM IST
4.9.1.graders-grab-marks.sh;Tuesday 26 November 2024 04:56:59 PM IST
4.9.2.graders-tally-marks.sh;Tuesday 26 November 2024 04:57:06 PM IST
7.1.1.finalize-test-stats.sh;Tuesday 26 November 2024 04:57:10 PM IST
4.8.1.graders-find-progress.sh;Tuesday 26 November 2024 05:22:36 PM IST
4.9.1.graders-grab-marks.sh;Tuesday 26 November 2024 05:22:39 PM IST
4.9.2.graders-tally-marks.sh;Tuesday 26 November 2024 05:22:47 PM IST
7.1.1.finalize-test-stats.sh;Tuesday 26 November 2024 05:22:50 PM IST
4.8.1.graders-find-progress.sh;Tuesday 26 November 2024 05:51:47 PM IST
4.8.1.graders-find-progress.sh;Tuesday 26 November 2024 05:58:11 PM IST
4.8.1.graders-find-progress.sh;Tuesday 26 November 2024 06:07:15 PM IST
4.8.1.graders-find-progress.sh;Tuesday 26 November 2024 06:13:35 PM IST
4.9.1.graders-grab-marks.sh;Tuesday 26 November 2024 06:13:40 PM IST
4.9.2.graders-tally-marks.sh;Tuesday 26 November 2024 06:13:45 PM IST
7.1.1.finalize-test-stats.sh;Tuesday 26 November 2024 06:13:48 PM IST
4.8.1.graders-find-progress.sh;Tuesday 26 November 2024 06:21:36 PM IST
4.9.1.graders-grab-marks.sh;Tuesday 26 November 2024 06:21:40 PM IST
4.9.2.graders-tally-marks.sh;Tuesday 26 November 2024 06:21:45 PM IST
7.1.1.finalize-test-stats.sh;Tuesday 26 November 2024 06:21:48 PM IST
x16.cron-backup-puddle.sh;Wed Nov 27 00:00:01 IST 2024
x17.cron-backup-cloud.sh;Wed Nov 27 00:00:01 IST 2024
x16.cron-backup-puddle.sh;Wed Nov 27 08:00:01 IST 2024
x17.cron-backup-cloud.sh;Wed Nov 27 12:00:01 IST 2024
x16.cron-backup-puddle.sh;Wed Nov 27 16:00:01 IST 2024
x16.cron-backup-puddle.sh;Thu Nov 28 00:00:01 IST 2024
x17.cron-backup-cloud.sh;Thu Nov 28 00:00:01 IST 2024
x16.cron-backup-puddle.sh;Thu Nov 28 08:00:01 IST 2024
x17.cron-backup-cloud.sh;Thu Nov 28 12:00:01 IST 2024
x16.cron-backup-puddle.sh;Thu Nov 28 16:00:01 IST 2024
x17.cron-backup-cloud.sh;Fri Nov 29 00:00:01 IST 2024
x16.cron-backup-puddle.sh;Fri Nov 29 00:00:01 IST 2024
x16.cron-backup-puddle.sh;Fri Nov 29 08:00:01 IST 2024
4.9.1.graders-grab-marks.sh;Friday 29 November 2024 11:29:13 AM IST
4.9.2.graders-tally-marks.sh;Friday 29 November 2024 11:29:41 AM IST
7.1.1.finalize-test-stats.sh;Friday 29 November 2024 11:31:09 AM IST
7.2.1.finalize-graded-tex.sh;Friday 29 November 2024 11:31:25 AM IST
7.2.2.finalize-graded-pdf.sh;Friday 29 November 2024 11:31:34 AM IST
x17.cron-backup-cloud.sh;Fri Nov 29 12:00:01 IST 2024
x16.cron-backup-puddle.sh;Fri Nov 29 16:00:01 IST 2024
4.8.1.graders-find-progress.sh;Friday 29 November 2024 06:27:16 PM IST
4.8.1.graders-find-progress.sh;Friday 29 November 2024 06:49:13 PM IST
4.8.1.graders-find-progress.sh;Friday 29 November 2024 07:28:25 PM IST
4.8.1.graders-find-progress.sh;Friday 29 November 2024 08:18:39 PM IST
4.8.1.graders-find-progress.sh;Friday 29 November 2024 08:37:03 PM IST
4.9.1.graders-grab-marks.sh;Friday 29 November 2024 08:37:29 PM IST
4.9.2.graders-tally-marks.sh;Friday 29 November 2024 08:37:42 PM IST
6.1.1.dismantle-project-backups.sh;Friday 29 November 2024 08:38:03 PM IST
7.1.1.finalize-test-stats.sh;Friday 29 November 2024 08:38:27 PM IST
7.2.1.finalize-graded-tex.sh;Friday 29 November 2024 08:39:34 PM IST
7.2.2.finalize-graded-pdf.sh;Friday 29 November 2024 08:39:45 PM IST
7.2.1.finalize-graded-tex.sh;Friday 29 November 2024 09:42:55 PM IST
7.2.2.finalize-graded-pdf.sh;Friday 29 November 2024 09:43:10 PM IST
7.1.1.finalize-test-stats.sh;Thursday 05 December 2024 12:58:39 PM IST
2.3.1.scans-sizeup-pages.sh;Thursday 05 December 2024 01:00:16 PM IST
