This is pdfTeX, Version 3.141592653-2.6-1.40.25 (MiKTeX 24.1) (preloaded format=pdflatex 2025.1.23)  1 MAR 2025 23:51
entering extended mode
 restricted \write18 enabled.
 %&-line parsing enabled.
**./210101097-Q-01-P-01.tex
(210101097-Q-01-P-01.tex
LaTeX2e <2023-11-01> patch level 1
L3 programming layer <2024-01-04>
(C:\Users\Dev Sharma\AppData\Local\Programs\MiKTeX\tex/latex/base\article.cls
Document Class: article 2023/05/17 v1.4n Standard LaTeX document class
(C:\Users\Dev Sharma\AppData\Local\Programs\MiKTeX\tex/latex/base\size10.clo
File: size10.clo 2023/05/17 v1.4n Standard LaTeX file (size option)
)
\c@part=\count187
\c@section=\count188
\c@subsection=\count189
\c@subsubsection=\count190
\c@paragraph=\count191
\c@subparagraph=\count192
\c@figure=\count193
\c@table=\count194
\abovecaptionskip=\skip48
\belowcaptionskip=\skip49
\bibindent=\dimen140
)
(C:\Users\Dev Sharma\AppData\Local\Programs\MiKTeX\tex/latex/import\import.sty
Package: import 2020/04/01  v 6.2
) (autogstyle/autog.sty
(C:\Users\Dev Sharma\AppData\Local\Programs\MiKTeX\tex/latex/standalone\standal
one.sty
Package: standalone 2022/10/10 v1.3b Package to include TeX sub-files with prea
mbles

(C:\Users\Dev Sharma\AppData\Local\Programs\MiKTeX\tex/latex/tools\shellesc.sty
Package: shellesc 2023/07/08 v1.0d unified shell escape interface for LaTeX
Package shellesc Info: Restricted shell escape enabled on input line 77.
)
(C:\Users\Dev Sharma\AppData\Local\Programs\MiKTeX\tex/generic/iftex\ifluatex.s
ty
Package: ifluatex 2019/10/25 v1.5 ifluatex legacy package. Use iftex instead.

(C:\Users\Dev Sharma\AppData\Local\Programs\MiKTeX\tex/generic/iftex\iftex.sty
Package: iftex 2022/02/03 v1.0f TeX engine tests
))
(C:\Users\Dev Sharma\AppData\Local\Programs\MiKTeX\tex/latex/xkeyval\xkeyval.st
y
Package: xkeyval 2022/06/16 v2.9 package option processing (HA)

(C:\Users\Dev Sharma\AppData\Local\Programs\MiKTeX\tex/generic/xkeyval\xkeyval.
tex
(C:\Users\Dev Sharma\AppData\Local\Programs\MiKTeX\tex/generic/xkeyval\xkvutils
.tex
\XKV@toks=\toks17
\XKV@tempa@toks=\toks18

(C:\Users\Dev Sharma\AppData\Local\Programs\MiKTeX\tex/generic/xkeyval\keyval.t
ex))
\XKV@depth=\count195
File: xkeyval.tex 2014/12/03 v2.7a key=value parser (HA)
))
(C:\Users\Dev Sharma\AppData\Local\Programs\MiKTeX\tex/latex/currfile\currfile.
sty
Package: currfile 2024/03/14 v1.0 Provides the file path elements of the curren
t input file

(C:\Users\Dev Sharma\AppData\Local\Programs\MiKTeX\tex/latex/kvoptions\kvoption
s.sty
Package: kvoptions 2022-06-15 v3.15 Key value format for package options (HO)

(C:\Users\Dev Sharma\AppData\Local\Programs\MiKTeX\tex/generic/ltxcmds\ltxcmds.
sty
Package: ltxcmds 2023-12-04 v1.26 LaTeX kernel commands for general use (HO)
)
(C:\Users\Dev Sharma\AppData\Local\Programs\MiKTeX\tex/latex/kvsetkeys\kvsetkey
s.sty
Package: kvsetkeys 2022-10-05 v1.19 Key value parser (HO)
))
(C:\Users\Dev Sharma\AppData\Local\Programs\MiKTeX\tex/latex/filehook\filehook.
sty
Package: filehook 2022/10/25 v0.8b Hooks for input files

(C:\Users\Dev Sharma\AppData\Local\Programs\MiKTeX\tex/latex/filehook\filehook-
2020.sty
Package: filehook-2020 2022/10/25 v0.8b Hooks for input files
))
\c@currfiledepth=\count196
)
(C:\Users\Dev Sharma\AppData\Local\Programs\MiKTeX\tex/latex/gincltex\gincltex.
sty
(C:\Users\Dev Sharma\AppData\Local\Programs\MiKTeX\tex/latex/svn-prov\svn-prov.
sty
Package: svn-prov 2010/04/24 v3.1862 Package Date/Version from SVN Keywords
)
Package: gincltex 2011/09/04 v0.3 Include external LaTeX files like graphics

(C:\Users\Dev Sharma\AppData\Local\Programs\MiKTeX\tex/latex/adjustbox\adjustbo
x.sty
Package: adjustbox 2022/10/17 v1.3a Adjusting TeX boxes (trim, clip, ...)

(C:\Users\Dev Sharma\AppData\Local\Programs\MiKTeX\tex/latex/adjustbox\adjcalc.
sty
Package: adjcalc 2012/05/16 v1.1 Provides advanced setlength with multiple back
-ends (calc, etex, pgfmath)
)
(C:\Users\Dev Sharma\AppData\Local\Programs\MiKTeX\tex/latex/adjustbox\trimclip
.sty
Package: trimclip 2020/08/19 v1.2 Trim and clip general TeX material

(C:\Users\Dev Sharma\AppData\Local\Programs\MiKTeX\tex/latex/graphics\graphicx.
sty
Package: graphicx 2021/09/16 v1.2d Enhanced LaTeX Graphics (DPC,SPQR)

(C:\Users\Dev Sharma\AppData\Local\Programs\MiKTeX\tex/latex/graphics\graphics.
sty
Package: graphics 2022/03/10 v1.4e Standard LaTeX Graphics (DPC,SPQR)

(C:\Users\Dev Sharma\AppData\Local\Programs\MiKTeX\tex/latex/graphics\trig.sty
Package: trig 2021/08/11 v1.11 sin cos tan (DPC)
)
(C:\Users\Dev Sharma\AppData\Local\Programs\MiKTeX\tex/latex/graphics-cfg\graph
ics.cfg
File: graphics.cfg 2016/06/04 v1.11 sample graphics configuration
)
Package graphics Info: Driver file: pdftex.def on input line 107.

(C:\Users\Dev Sharma\AppData\Local\Programs\MiKTeX\tex/latex/graphics-def\pdfte
x.def
File: pdftex.def 2022/09/22 v1.2b Graphics/color driver for pdftex
))
\Gin@req@height=\dimen141
\Gin@req@width=\dimen142
)
(C:\Users\Dev Sharma\AppData\Local\Programs\MiKTeX\tex/latex/collectbox\collect
box.sty
Package: collectbox 2022/10/17 v0.4c Collect macro arguments as boxes
\collectedbox=\box51
)
\tc@llx=\dimen143
\tc@lly=\dimen144
\tc@urx=\dimen145
\tc@ury=\dimen146
Package trimclip Info: Using driver 'tc-pdftex.def'.

(C:\Users\Dev Sharma\AppData\Local\Programs\MiKTeX\tex/latex/adjustbox\tc-pdfte
x.def
File: tc-pdftex.def 2019/01/04 v2.2 Clipping driver for pdftex
))
\adjbox@Width=\dimen147
\adjbox@Height=\dimen148
\adjbox@Depth=\dimen149
\adjbox@Totalheight=\dimen150
\adjbox@pwidth=\dimen151
\adjbox@pheight=\dimen152
\adjbox@pdepth=\dimen153
\adjbox@ptotalheight=\dimen154

(C:\Users\Dev Sharma\AppData\Local\Programs\MiKTeX\tex/latex/ifoddpage\ifoddpag
e.sty
Package: ifoddpage 2022/10/18 v1.2 Conditionals for odd/even page detection
\c@checkoddpage=\count197
)
(C:\Users\Dev Sharma\AppData\Local\Programs\MiKTeX\tex/latex/varwidth\varwidth.
sty
Package: varwidth 2009/03/30 ver 0.92;  Variable-width minipages
\@vwid@box=\box52
\sift@deathcycles=\count198
\@vwid@loff=\dimen155
\@vwid@roff=\dimen156
))
\gincltex@box=\box53
)
(C:\Users\Dev Sharma\AppData\Local\Programs\MiKTeX\tex/latex/filemod\filemod-ex
pmin.sty
Package: filemod-expmin 2011/09/19 v1.2 Get and compare file modification times
 (expandable; minimal)
))
(C:\Users\Dev Sharma\AppData\Local\Programs\MiKTeX\tex/latex/amsfonts\amssymb.s
ty
Package: amssymb 2013/01/14 v3.01 AMS font symbols

(C:\Users\Dev Sharma\AppData\Local\Programs\MiKTeX\tex/latex/amsfonts\amsfonts.
sty
Package: amsfonts 2013/01/14 v3.01 Basic AMSFonts support
\@emptytoks=\toks19
\symAMSa=\mathgroup4
\symAMSb=\mathgroup5
LaTeX Font Info:    Redeclaring math symbol \hbar on input line 98.
LaTeX Font Info:    Overwriting math alphabet `\mathfrak' in version `bold'
(Font)                  U/euf/m/n --> U/euf/b/n on input line 106.
))
(C:\Users\Dev Sharma\AppData\Local\Programs\MiKTeX\tex/latex/amsmath\amsmath.st
y
Package: amsmath 2023/05/13 v2.17o AMS math features
\@mathmargin=\skip50

For additional information on amsmath, use the `?' option.

(C:\Users\Dev Sharma\AppData\Local\Programs\MiKTeX\tex/latex/amsmath\amstext.st
y
Package: amstext 2021/08/26 v2.01 AMS text

(C:\Users\Dev Sharma\AppData\Local\Programs\MiKTeX\tex/latex/amsmath\amsgen.sty
File: amsgen.sty 1999/11/30 v2.0 generic functions
\@emptytoks=\toks20
\ex@=\dimen157
))
(C:\Users\Dev Sharma\AppData\Local\Programs\MiKTeX\tex/latex/amsmath\amsbsy.sty
Package: amsbsy 1999/11/29 v1.2d Bold Symbols
\pmbraise@=\dimen158
)
(C:\Users\Dev Sharma\AppData\Local\Programs\MiKTeX\tex/latex/amsmath\amsopn.sty
Package: amsopn 2022/04/08 v2.04 operator names
)
\inf@bad=\count199
LaTeX Info: Redefining \frac on input line 234.
\uproot@=\count266
\leftroot@=\count267
LaTeX Info: Redefining \overline on input line 399.
LaTeX Info: Redefining \colon on input line 410.
\classnum@=\count268
\DOTSCASE@=\count269
LaTeX Info: Redefining \ldots on input line 496.
LaTeX Info: Redefining \dots on input line 499.
LaTeX Info: Redefining \cdots on input line 620.
\Mathstrutbox@=\box54
\strutbox@=\box55
LaTeX Info: Redefining \big on input line 722.
LaTeX Info: Redefining \Big on input line 723.
LaTeX Info: Redefining \bigg on input line 724.
LaTeX Info: Redefining \Bigg on input line 725.
\big@size=\dimen159
LaTeX Font Info:    Redeclaring font encoding OML on input line 743.
LaTeX Font Info:    Redeclaring font encoding OMS on input line 744.
\macc@depth=\count270
LaTeX Info: Redefining \bmod on input line 905.
LaTeX Info: Redefining \pmod on input line 910.
LaTeX Info: Redefining \smash on input line 940.
LaTeX Info: Redefining \relbar on input line 970.
LaTeX Info: Redefining \Relbar on input line 971.
\c@MaxMatrixCols=\count271
\dotsspace@=\muskip16
\c@parentequation=\count272
\dspbrk@lvl=\count273
\tag@help=\toks21
\row@=\count274
\column@=\count275
\maxfields@=\count276
\andhelp@=\toks22
\eqnshift@=\dimen160
\alignsep@=\dimen161
\tagshift@=\dimen162
\tagwidth@=\dimen163
\totwidth@=\dimen164
\lineht@=\dimen165
\@envbody=\toks23
\multlinegap=\skip51
\multlinetaggap=\skip52
\mathdisplay@stack=\toks24
LaTeX Info: Redefining \[ on input line 2953.
LaTeX Info: Redefining \] on input line 2954.
)
(C:\Users\Dev Sharma\AppData\Local\Programs\MiKTeX\tex/latex/calculator\calcula
tor.sty
Package: calculator 2022/09/15 v.2.1
\cctr@lengtha=\dimen166
\cctr@lengthb=\dimen167
\cctr@epsilon=\dimen168
)
(C:\Users\Dev Sharma\AppData\Local\Programs\MiKTeX\tex/latex/graphics\color.sty
Package: color 2022/01/06 v1.3d Standard LaTeX Color (DPC)

(C:\Users\Dev Sharma\AppData\Local\Programs\MiKTeX\tex/latex/graphics-cfg\color
.cfg
File: color.cfg 2016/01/02 v1.6 sample color configuration
)
Package color Info: Driver file: pdftex.def on input line 149.

(C:\Users\Dev Sharma\AppData\Local\Programs\MiKTeX\tex/latex/graphics\mathcolor
.ltx))
(C:\Users\Dev Sharma\AppData\Local\Programs\MiKTeX\tex/latex/base\ifthen.sty
Package: ifthen 2022/04/13 v1.1d Standard LaTeX ifthen package (DPC)
)
(C:\Users\Dev Sharma\AppData\Local\Programs\MiKTeX\tex/latex/datatool\datatool.
sty
Package: datatool 2019/09/27 v2.32 (NLCT)
 (C:\Users\Dev Sharma\AppData\Local\Programs\MiKTeX\tex/latex/xfor\xfor.sty
Package: xfor 2009/02/05 v1.05 (NLCT)
) (C:\Users\Dev Sharma\AppData\Local\Programs\MiKTeX\tex/latex/substr\substr.st
y
Package: substr 2009/10/20 v1.2 Handle substrings
\c@su@anzahl=\count277
)
(C:\Users\Dev Sharma\AppData\Local\Programs\MiKTeX\tex/latex/etoolbox\etoolbox.
sty
Package: etoolbox 2020/10/05 v2.5k e-TeX tools for LaTeX (JAW)
\etb@tempcnta=\count278
)
(C:\Users\Dev Sharma\AppData\Local\Programs\MiKTeX\tex/latex/datatool\datatool-
base.sty
Package: datatool-base 2019/09/27 v2.32 (NLCT)

(C:\Users\Dev Sharma\AppData\Local\Programs\MiKTeX\tex/latex/datatool\datatool-
fp.sty
Package: datatool-fp 2019/09/27 v2.32 (NLCT)
 (C:\Users\Dev Sharma\AppData\Local\Programs\MiKTeX\tex/latex/fp\fp.sty
Package: fp 1995/04/02

`Fixed Point Package', Version 0.8, April 2, 1995 (C) Michael Mehlich
(C:\Users\Dev Sharma\AppData\Local\Programs\MiKTeX\tex/latex/fp\defpattern.sty
Package: defpattern 1994/10/12
\actioncount=\count279
) (C:\Users\Dev Sharma\AppData\Local\Programs\MiKTeX\tex/latex/fp\fp-basic.sty
Package: fp-basic 1996/05/13
\FP@xs=\count280
\FP@xia=\count281
\FP@xib=\count282
\FP@xfa=\count283
\FP@xfb=\count284
\FP@rega=\count285
\FP@regb=\count286
\FP@regs=\count287
\FP@times=\count288
)
(C:\Users\Dev Sharma\AppData\Local\Programs\MiKTeX\tex/latex/fp\fp-addons.sty
Package: fp-addons 1995/03/15
)
(C:\Users\Dev Sharma\AppData\Local\Programs\MiKTeX\tex/latex/fp\fp-snap.sty
Package: fp-snap 1995/04/05
)
(C:\Users\Dev Sharma\AppData\Local\Programs\MiKTeX\tex/latex/fp\fp-exp.sty
Package: fp-exp 1995/04/03
)
(C:\Users\Dev Sharma\AppData\Local\Programs\MiKTeX\tex/latex/fp\fp-trigo.sty
Package: fp-trigo 1995/04/14
)
(C:\Users\Dev Sharma\AppData\Local\Programs\MiKTeX\tex/latex/fp\fp-pas.sty
Package: fp-pas 1994/08/29
)
(C:\Users\Dev Sharma\AppData\Local\Programs\MiKTeX\tex/latex/fp\fp-random.sty
Package: fp-random 1995/02/23
\FPseed=\count289
)
(C:\Users\Dev Sharma\AppData\Local\Programs\MiKTeX\tex/latex/fp\fp-eqn.sty
Package: fp-eqn 1995/04/03
)
(C:\Users\Dev Sharma\AppData\Local\Programs\MiKTeX\tex/latex/fp\fp-upn.sty
Package: fp-upn 1996/10/21
)
(C:\Users\Dev Sharma\AppData\Local\Programs\MiKTeX\tex/latex/fp\fp-eval.sty
Package: fp-eval 1995/04/03
)))
\@dtl@toks=\toks25
\@dtl@tmpcount=\count290
\dtl@tmplength=\skip53
\dtl@sortresult=\count291
\@dtl@numgrpsepcount=\count292
\@dtl@datatype=\count293
\dtl@codeA=\count294
\dtl@codeB=\count295
\@dtl@foreach@level=\count296
)
\dtlcolumnnum=\count297
\dtlrownum=\count298
\@dtl@before=\toks26
\@dtl@after=\toks27
\@dtl@colhead=\toks28
\dtlcurrentrow=\toks29
\dtlbeforerow=\toks30
\dtlafterrow=\toks31
\dtlforeachlevel=\count299
\c@DTLrowi=\count300
\c@DTLrowii=\count301
\c@DTLrowiii=\count302
\c@DTLrow=\count303
\dtl@rowi=\count304
\dtl@rowii=\count305
\dtl@rowiii=\count306
\@dtl@curi=\toks32
\@dtl@previ=\toks33
\@dtl@nexti=\toks34
\@dtl@curii=\toks35
\@dtl@previi=\toks36
\@dtl@nextii=\toks37
\@dtl@curiii=\toks38
\@dtl@previii=\toks39
\@dtl@nextiii=\toks40
\@dtl@elements=\count307
\@dtl@list=\toks41
\@dtl@rowa=\toks42
\@dtl@rowb=\toks43
\@dtl@toksA=\toks44
\@dtl@toksB=\toks45
\@dtl@write=\write3
\@dtl@read=\read2
\dtl@entrycr=\count308
\dtl@omitlines=\count309
)
(C:\Users\Dev Sharma\AppData\Local\Programs\MiKTeX\tex/latex/pgf/frontendlayer\
tikz.sty
(C:\Users\Dev Sharma\AppData\Local\Programs\MiKTeX\tex/latex/pgf/basiclayer\pgf
.sty
(C:\Users\Dev Sharma\AppData\Local\Programs\MiKTeX\tex/latex/pgf/utilities\pgfr
cs.sty
(C:\Users\Dev Sharma\AppData\Local\Programs\MiKTeX\tex/generic/pgf/utilities\pg
futil-common.tex
\pgfutil@everybye=\toks46
\pgfutil@tempdima=\dimen169
\pgfutil@tempdimb=\dimen170
)
(C:\Users\Dev Sharma\AppData\Local\Programs\MiKTeX\tex/generic/pgf/utilities\pg
futil-latex.def
\pgfutil@abb=\box56
)
(C:\Users\Dev Sharma\AppData\Local\Programs\MiKTeX\tex/generic/pgf/utilities\pg
frcs.code.tex
(C:\Users\Dev Sharma\AppData\Local\Programs\MiKTeX\tex/generic/pgf\pgf.revision
.tex)
Package: pgfrcs 2023-01-15 v3.1.10 (3.1.10)
))
Package: pgf 2023-01-15 v3.1.10 (3.1.10)

(C:\Users\Dev Sharma\AppData\Local\Programs\MiKTeX\tex/latex/pgf/basiclayer\pgf
core.sty
(C:\Users\Dev Sharma\AppData\Local\Programs\MiKTeX\tex/latex/pgf/systemlayer\pg
fsys.sty
(C:\Users\Dev Sharma\AppData\Local\Programs\MiKTeX\tex/generic/pgf/systemlayer\
pgfsys.code.tex
Package: pgfsys 2023-01-15 v3.1.10 (3.1.10)

(C:\Users\Dev Sharma\AppData\Local\Programs\MiKTeX\tex/generic/pgf/utilities\pg
fkeys.code.tex
\pgfkeys@pathtoks=\toks47
\pgfkeys@temptoks=\toks48

(C:\Users\Dev Sharma\AppData\Local\Programs\MiKTeX\tex/generic/pgf/utilities\pg
fkeyslibraryfiltered.code.tex
\pgfkeys@tmptoks=\toks49
))
\pgf@x=\dimen171
\pgf@y=\dimen172
\pgf@xa=\dimen173
\pgf@ya=\dimen174
\pgf@xb=\dimen175
\pgf@yb=\dimen176
\pgf@xc=\dimen177
\pgf@yc=\dimen178
\pgf@xd=\dimen179
\pgf@yd=\dimen180
\w@pgf@writea=\write4
\r@pgf@reada=\read3
\c@pgf@counta=\count310
\c@pgf@countb=\count311
\c@pgf@countc=\count312
\c@pgf@countd=\count313
\t@pgf@toka=\toks50
\t@pgf@tokb=\toks51
\t@pgf@tokc=\toks52
\pgf@sys@id@count=\count314

(C:\Users\Dev Sharma\AppData\Local\Programs\MiKTeX\tex/generic/pgf/systemlayer\
pgf.cfg
File: pgf.cfg 2023-01-15 v3.1.10 (3.1.10)
)
Driver file for pgf: pgfsys-pdftex.def

(C:\Users\Dev Sharma\AppData\Local\Programs\MiKTeX\tex/generic/pgf/systemlayer\
pgfsys-pdftex.def
File: pgfsys-pdftex.def 2023-01-15 v3.1.10 (3.1.10)

(C:\Users\Dev Sharma\AppData\Local\Programs\MiKTeX\tex/generic/pgf/systemlayer\
pgfsys-common-pdf.def
File: pgfsys-common-pdf.def 2023-01-15 v3.1.10 (3.1.10)
)))
(C:\Users\Dev Sharma\AppData\Local\Programs\MiKTeX\tex/generic/pgf/systemlayer\
pgfsyssoftpath.code.tex
File: pgfsyssoftpath.code.tex 2023-01-15 v3.1.10 (3.1.10)
\pgfsyssoftpath@smallbuffer@items=\count315
\pgfsyssoftpath@bigbuffer@items=\count316
)
(C:\Users\Dev Sharma\AppData\Local\Programs\MiKTeX\tex/generic/pgf/systemlayer\
pgfsysprotocol.code.tex
File: pgfsysprotocol.code.tex 2023-01-15 v3.1.10 (3.1.10)
))
(C:\Users\Dev Sharma\AppData\Local\Programs\MiKTeX\tex/latex/xcolor\xcolor.sty
Package: xcolor 2023/11/15 v3.01 LaTeX color extensions (UK)

(C:\Users\Dev Sharma\AppData\Local\Programs\MiKTeX\tex/latex/graphics-cfg\color
.cfg
File: color.cfg 2016/01/02 v1.6 sample color configuration
)
Package xcolor Info: Driver file: pdftex.def on input line 274.
LaTeX Info: Redefining \color on input line 758.

(C:\Users\Dev Sharma\AppData\Local\Programs\MiKTeX\tex/latex/graphics\mathcolor
.ltx)
Package xcolor Info: Model `cmy' substituted by `cmy0' on input line 1350.
Package xcolor Info: Model `hsb' substituted by `rgb' on input line 1354.
Package xcolor Info: Model `RGB' extended on input line 1366.
Package xcolor Info: Model `HTML' substituted by `rgb' on input line 1368.
Package xcolor Info: Model `Hsb' substituted by `hsb' on input line 1369.
Package xcolor Info: Model `tHsb' substituted by `hsb' on input line 1370.
Package xcolor Info: Model `HSB' substituted by `hsb' on input line 1371.
Package xcolor Info: Model `Gray' substituted by `gray' on input line 1372.
Package xcolor Info: Model `wave' substituted by `hsb' on input line 1373.
)
(C:\Users\Dev Sharma\AppData\Local\Programs\MiKTeX\tex/generic/pgf/basiclayer\p
gfcore.code.tex
Package: pgfcore 2023-01-15 v3.1.10 (3.1.10)

(C:\Users\Dev Sharma\AppData\Local\Programs\MiKTeX\tex/generic/pgf/math\pgfmath
.code.tex
(C:\Users\Dev Sharma\AppData\Local\Programs\MiKTeX\tex/generic/pgf/math\pgfmath
util.code.tex)
(C:\Users\Dev Sharma\AppData\Local\Programs\MiKTeX\tex/generic/pgf/math\pgfmath
parser.code.tex
\pgfmath@dimen=\dimen181
\pgfmath@count=\count317
\pgfmath@box=\box57
\pgfmath@toks=\toks53
\pgfmath@stack@operand=\toks54
\pgfmath@stack@operation=\toks55
)
(C:\Users\Dev Sharma\AppData\Local\Programs\MiKTeX\tex/generic/pgf/math\pgfmath
functions.code.tex)
(C:\Users\Dev Sharma\AppData\Local\Programs\MiKTeX\tex/generic/pgf/math\pgfmath
functions.basic.code.tex)
(C:\Users\Dev Sharma\AppData\Local\Programs\MiKTeX\tex/generic/pgf/math\pgfmath
functions.trigonometric.code.tex)
(C:\Users\Dev Sharma\AppData\Local\Programs\MiKTeX\tex/generic/pgf/math\pgfmath
functions.random.code.tex)
(C:\Users\Dev Sharma\AppData\Local\Programs\MiKTeX\tex/generic/pgf/math\pgfmath
functions.comparison.code.tex)
(C:\Users\Dev Sharma\AppData\Local\Programs\MiKTeX\tex/generic/pgf/math\pgfmath
functions.base.code.tex)
(C:\Users\Dev Sharma\AppData\Local\Programs\MiKTeX\tex/generic/pgf/math\pgfmath
functions.round.code.tex)
(C:\Users\Dev Sharma\AppData\Local\Programs\MiKTeX\tex/generic/pgf/math\pgfmath
functions.misc.code.tex)
(C:\Users\Dev Sharma\AppData\Local\Programs\MiKTeX\tex/generic/pgf/math\pgfmath
functions.integerarithmetics.code.tex)
(C:\Users\Dev Sharma\AppData\Local\Programs\MiKTeX\tex/generic/pgf/math\pgfmath
calc.code.tex)
(C:\Users\Dev Sharma\AppData\Local\Programs\MiKTeX\tex/generic/pgf/math\pgfmath
float.code.tex
\c@pgfmathroundto@lastzeros=\count318
))
(C:\Users\Dev Sharma\AppData\Local\Programs\MiKTeX\tex/generic/pgf/math\pgfint.
code.tex)
(C:\Users\Dev Sharma\AppData\Local\Programs\MiKTeX\tex/generic/pgf/basiclayer\p
gfcorepoints.code.tex
File: pgfcorepoints.code.tex 2023-01-15 v3.1.10 (3.1.10)
\pgf@picminx=\dimen182
\pgf@picmaxx=\dimen183
\pgf@picminy=\dimen184
\pgf@picmaxy=\dimen185
\pgf@pathminx=\dimen186
\pgf@pathmaxx=\dimen187
\pgf@pathminy=\dimen188
\pgf@pathmaxy=\dimen189
\pgf@xx=\dimen190
\pgf@xy=\dimen191
\pgf@yx=\dimen192
\pgf@yy=\dimen193
\pgf@zx=\dimen194
\pgf@zy=\dimen195
)
(C:\Users\Dev Sharma\AppData\Local\Programs\MiKTeX\tex/generic/pgf/basiclayer\p
gfcorepathconstruct.code.tex
File: pgfcorepathconstruct.code.tex 2023-01-15 v3.1.10 (3.1.10)
\pgf@path@lastx=\dimen196
\pgf@path@lasty=\dimen197
)
(C:\Users\Dev Sharma\AppData\Local\Programs\MiKTeX\tex/generic/pgf/basiclayer\p
gfcorepathusage.code.tex
File: pgfcorepathusage.code.tex 2023-01-15 v3.1.10 (3.1.10)
\pgf@shorten@end@additional=\dimen198
\pgf@shorten@start@additional=\dimen199
)
(C:\Users\Dev Sharma\AppData\Local\Programs\MiKTeX\tex/generic/pgf/basiclayer\p
gfcorescopes.code.tex
File: pgfcorescopes.code.tex 2023-01-15 v3.1.10 (3.1.10)
\pgfpic=\box58
\pgf@hbox=\box59
\pgf@layerbox@main=\box60
\pgf@picture@serial@count=\count319
)
(C:\Users\Dev Sharma\AppData\Local\Programs\MiKTeX\tex/generic/pgf/basiclayer\p
gfcoregraphicstate.code.tex
File: pgfcoregraphicstate.code.tex 2023-01-15 v3.1.10 (3.1.10)
\pgflinewidth=\dimen256
)
(C:\Users\Dev Sharma\AppData\Local\Programs\MiKTeX\tex/generic/pgf/basiclayer\p
gfcoretransformations.code.tex
File: pgfcoretransformations.code.tex 2023-01-15 v3.1.10 (3.1.10)
\pgf@pt@x=\dimen257
\pgf@pt@y=\dimen258
\pgf@pt@temp=\dimen259
)
(C:\Users\Dev Sharma\AppData\Local\Programs\MiKTeX\tex/generic/pgf/basiclayer\p
gfcorequick.code.tex
File: pgfcorequick.code.tex 2023-01-15 v3.1.10 (3.1.10)
)
(C:\Users\Dev Sharma\AppData\Local\Programs\MiKTeX\tex/generic/pgf/basiclayer\p
gfcoreobjects.code.tex
File: pgfcoreobjects.code.tex 2023-01-15 v3.1.10 (3.1.10)
)
(C:\Users\Dev Sharma\AppData\Local\Programs\MiKTeX\tex/generic/pgf/basiclayer\p
gfcorepathprocessing.code.tex
File: pgfcorepathprocessing.code.tex 2023-01-15 v3.1.10 (3.1.10)
)
(C:\Users\Dev Sharma\AppData\Local\Programs\MiKTeX\tex/generic/pgf/basiclayer\p
gfcorearrows.code.tex
File: pgfcorearrows.code.tex 2023-01-15 v3.1.10 (3.1.10)
\pgfarrowsep=\dimen260
)
(C:\Users\Dev Sharma\AppData\Local\Programs\MiKTeX\tex/generic/pgf/basiclayer\p
gfcoreshade.code.tex
File: pgfcoreshade.code.tex 2023-01-15 v3.1.10 (3.1.10)
\pgf@max=\dimen261
\pgf@sys@shading@range@num=\count320
\pgf@shadingcount=\count321
)
(C:\Users\Dev Sharma\AppData\Local\Programs\MiKTeX\tex/generic/pgf/basiclayer\p
gfcoreimage.code.tex
File: pgfcoreimage.code.tex 2023-01-15 v3.1.10 (3.1.10)
)
(C:\Users\Dev Sharma\AppData\Local\Programs\MiKTeX\tex/generic/pgf/basiclayer\p
gfcoreexternal.code.tex
File: pgfcoreexternal.code.tex 2023-01-15 v3.1.10 (3.1.10)
\pgfexternal@startupbox=\box61
)
(C:\Users\Dev Sharma\AppData\Local\Programs\MiKTeX\tex/generic/pgf/basiclayer\p
gfcorelayers.code.tex
File: pgfcorelayers.code.tex 2023-01-15 v3.1.10 (3.1.10)
)
(C:\Users\Dev Sharma\AppData\Local\Programs\MiKTeX\tex/generic/pgf/basiclayer\p
gfcoretransparency.code.tex
File: pgfcoretransparency.code.tex 2023-01-15 v3.1.10 (3.1.10)
)
(C:\Users\Dev Sharma\AppData\Local\Programs\MiKTeX\tex/generic/pgf/basiclayer\p
gfcorepatterns.code.tex
File: pgfcorepatterns.code.tex 2023-01-15 v3.1.10 (3.1.10)
)
(C:\Users\Dev Sharma\AppData\Local\Programs\MiKTeX\tex/generic/pgf/basiclayer\p
gfcorerdf.code.tex
File: pgfcorerdf.code.tex 2023-01-15 v3.1.10 (3.1.10)
)))
(C:\Users\Dev Sharma\AppData\Local\Programs\MiKTeX\tex/generic/pgf/modules\pgfm
oduleshapes.code.tex
File: pgfmoduleshapes.code.tex 2023-01-15 v3.1.10 (3.1.10)
\pgfnodeparttextbox=\box62
)
(C:\Users\Dev Sharma\AppData\Local\Programs\MiKTeX\tex/generic/pgf/modules\pgfm
oduleplot.code.tex
File: pgfmoduleplot.code.tex 2023-01-15 v3.1.10 (3.1.10)
)
(C:\Users\Dev Sharma\AppData\Local\Programs\MiKTeX\tex/latex/pgf/compatibility\
pgfcomp-version-0-65.sty
Package: pgfcomp-version-0-65 2023-01-15 v3.1.10 (3.1.10)
\pgf@nodesepstart=\dimen262
\pgf@nodesepend=\dimen263
)
(C:\Users\Dev Sharma\AppData\Local\Programs\MiKTeX\tex/latex/pgf/compatibility\
pgfcomp-version-1-18.sty
Package: pgfcomp-version-1-18 2023-01-15 v3.1.10 (3.1.10)
))
(C:\Users\Dev Sharma\AppData\Local\Programs\MiKTeX\tex/latex/pgf/utilities\pgff
or.sty
(C:\Users\Dev Sharma\AppData\Local\Programs\MiKTeX\tex/latex/pgf/utilities\pgfk
eys.sty
(C:\Users\Dev Sharma\AppData\Local\Programs\MiKTeX\tex/generic/pgf/utilities\pg
fkeys.code.tex))
(C:\Users\Dev Sharma\AppData\Local\Programs\MiKTeX\tex/latex/pgf/math\pgfmath.s
ty
(C:\Users\Dev Sharma\AppData\Local\Programs\MiKTeX\tex/generic/pgf/math\pgfmath
.code.tex))
(C:\Users\Dev Sharma\AppData\Local\Programs\MiKTeX\tex/generic/pgf/utilities\pg
ffor.code.tex
Package: pgffor 2023-01-15 v3.1.10 (3.1.10)
\pgffor@iter=\dimen264
\pgffor@skip=\dimen265
\pgffor@stack=\toks56
\pgffor@toks=\toks57
))
(C:\Users\Dev Sharma\AppData\Local\Programs\MiKTeX\tex/generic/pgf/frontendlaye
r/tikz\tikz.code.tex
Package: tikz 2023-01-15 v3.1.10 (3.1.10)

(C:\Users\Dev Sharma\AppData\Local\Programs\MiKTeX\tex/generic/pgf/libraries\pg
flibraryplothandlers.code.tex
File: pgflibraryplothandlers.code.tex 2023-01-15 v3.1.10 (3.1.10)
\pgf@plot@mark@count=\count322
\pgfplotmarksize=\dimen266
)
\tikz@lastx=\dimen267
\tikz@lasty=\dimen268
\tikz@lastxsaved=\dimen269
\tikz@lastysaved=\dimen270
\tikz@lastmovetox=\dimen271
\tikz@lastmovetoy=\dimen272
\tikzleveldistance=\dimen273
\tikzsiblingdistance=\dimen274
\tikz@figbox=\box63
\tikz@figbox@bg=\box64
\tikz@tempbox=\box65
\tikz@tempbox@bg=\box66
\tikztreelevel=\count323
\tikznumberofchildren=\count324
\tikznumberofcurrentchild=\count325
\tikz@fig@count=\count326

(C:\Users\Dev Sharma\AppData\Local\Programs\MiKTeX\tex/generic/pgf/modules\pgfm
odulematrix.code.tex
File: pgfmodulematrix.code.tex 2023-01-15 v3.1.10 (3.1.10)
\pgfmatrixcurrentrow=\count327
\pgfmatrixcurrentcolumn=\count328
\pgf@matrix@numberofcolumns=\count329
)
\tikz@expandcount=\count330

(C:\Users\Dev Sharma\AppData\Local\Programs\MiKTeX\tex/generic/pgf/frontendlaye
r/tikz/libraries\tikzlibrarytopaths.code.tex
File: tikzlibrarytopaths.code.tex 2023-01-15 v3.1.10 (3.1.10)
)))
(C:\Users\Dev Sharma\AppData\Local\Programs\MiKTeX\tex/generic/pgf/frontendlaye
r/tikz/libraries\tikzlibraryshapes.geometric.code.tex
File: tikzlibraryshapes.geometric.code.tex 2023-01-15 v3.1.10 (3.1.10)

(C:\Users\Dev Sharma\AppData\Local\Programs\MiKTeX\tex/generic/pgf/libraries/sh
apes\pgflibraryshapes.geometric.code.tex
File: pgflibraryshapes.geometric.code.tex 2023-01-15 v3.1.10 (3.1.10)
))
\scanwidth=\skip54
\scanheight=\skip55
\panewidth=\skip56
\autogtotalwidth=\skip57
\autogtotalheight=\skip58
\autogmargin=\skip59

(C:\Users\Dev Sharma\AppData\Local\Programs\MiKTeX\tex/latex/geometry\geometry.
sty
Package: geometry 2020/01/02 v5.9 Page Geometry

(C:\Users\Dev Sharma\AppData\Local\Programs\MiKTeX\tex/generic/iftex\ifvtex.sty
Package: ifvtex 2019/10/25 v1.7 ifvtex legacy package. Use iftex instead.
)
\Gm@cnth=\count331
\Gm@cntv=\count332
\c@Gm@tempcnt=\count333
\Gm@bindingoffset=\dimen275
\Gm@wd@mp=\dimen276
\Gm@odd@mp=\dimen277
\Gm@even@mp=\dimen278
\Gm@layoutwidth=\dimen279
\Gm@layoutheight=\dimen280
\Gm@layouthoffset=\dimen281
\Gm@layoutvoffset=\dimen282
\Gm@dimlist=\toks58

(C:\Users\Dev Sharma\AppData\Local\Programs\MiKTeX\tex/latex/geometry\geometry.
cfg))
(C:\Users\Dev Sharma\AppData\Local\Programs\MiKTeX\tex/latex/textpos\textpos.st
y
Package: textpos 2022/07/23 v1.10.1
Package textpos Info: choosing support for LaTeX3 on input line 60.
\TP@textbox=\box67
\TP@holdbox=\box68
\TPHorizModule=\dimen283
\TPVertModule=\dimen284
\TP@margin=\dimen285
\TP@absmargin=\dimen286

Grid set 16 x 16 = 52.28194pt x 53.52673pt
\TPboxrulesize=\dimen287
\TP@ox=\dimen288
\TP@oy=\dimen289
\TP@tbargs=\toks59
TextBlockOrigin set to 0pt x 0pt
)
\vslider=\skip60
\hslider=\skip61
\Xposition=\skip62
\Yposition=\skip63
)
(C:\Users\Dev Sharma\AppData\Local\Programs\MiKTeX\tex/latex/l3backend\l3backen
d-pdftex.def
File: l3backend-pdftex.def 2024-01-04 L3 backend support: PDF output (pdfTeX)
\l__color_backend_stack_int=\count334
\l__pdf_internal_box=\box69
)
No file 210101097-Q-01-P-01.aux.
\openout1 = `210101097-Q-01-P-01.aux'.

LaTeX Font Info:    Checking defaults for OML/cmm/m/it on input line 4.
LaTeX Font Info:    ... okay on input line 4.
LaTeX Font Info:    Checking defaults for OMS/cmsy/m/n on input line 4.
LaTeX Font Info:    ... okay on input line 4.
LaTeX Font Info:    Checking defaults for OT1/cmr/m/n on input line 4.
LaTeX Font Info:    ... okay on input line 4.
LaTeX Font Info:    Checking defaults for T1/cmr/m/n on input line 4.
LaTeX Font Info:    ... okay on input line 4.
LaTeX Font Info:    Checking defaults for TS1/cmr/m/n on input line 4.
LaTeX Font Info:    ... okay on input line 4.
LaTeX Font Info:    Checking defaults for OMX/cmex/m/n on input line 4.
LaTeX Font Info:    ... okay on input line 4.
LaTeX Font Info:    Checking defaults for U/cmr/m/n on input line 4.
LaTeX Font Info:    ... okay on input line 4.

(C:\Users\Dev Sharma\AppData\Local\Programs\MiKTeX\tex/context/base/mkii\supp-p
df.mkii
[Loading MPS to PDF converter (version 2006.09.02).]
\scratchcounter=\count335
\scratchdimen=\dimen290
\scratchbox=\box70
\nofMPsegments=\count336
\nofMParguments=\count337
\everyMPshowfont=\toks60
\MPscratchCnt=\count338
\MPscratchDim=\dimen291
\MPnumerator=\count339
\makeMPintoPDFobject=\count340
\everyMPtoPDFconversion=\toks61
)
(C:\Users\Dev Sharma\AppData\Local\Programs\MiKTeX\tex/latex/epstopdf-pkg\epsto
pdf-base.sty
Package: epstopdf-base 2020-01-24 v2.11 Base part for package epstopdf

(C:\Users\Dev Sharma\AppData\Local\Programs\MiKTeX\tex/generic/infwarerr\infwar
err.sty
Package: infwarerr 2019/12/03 v1.5 Providing info/warning/error messages (HO)
)
(C:\Users\Dev Sharma\AppData\Local\Programs\MiKTeX\tex/latex/grfext\grfext.sty
Package: grfext 2019/12/03 v1.3 Manage graphics extensions (HO)

(C:\Users\Dev Sharma\AppData\Local\Programs\MiKTeX\tex/generic/kvdefinekeys\kvd
efinekeys.sty
Package: kvdefinekeys 2019-12-19 v1.6 Define keys (HO)
))
(C:\Users\Dev Sharma\AppData\Local\Programs\MiKTeX\tex/generic/pdftexcmds\pdfte
xcmds.sty
Package: pdftexcmds 2020-06-27 v0.33 Utility functions of pdfTeX for LuaTeX (HO
)
Package pdftexcmds Info: \pdf@primitive is available.
Package pdftexcmds Info: \pdf@ifprimitive is available.
Package pdftexcmds Info: \pdfdraftmode found.
)
Package epstopdf-base Info: Redefining graphics rule for `.eps' on input line 4
85.
Package grfext Info: Graphics extension search list:
(grfext)             [.pdf,.png,.jpg,.mps,.jpeg,.jbig2,.jb2,.PDF,.PNG,.JPG,.JPE
G,.JBIG2,.JB2,.eps]
(grfext)             \AppendGraphicsExtensions on input line 504.

(C:\Users\Dev Sharma\AppData\Local\Programs\MiKTeX\tex/latex/00miktex\epstopdf-
sys.cfg
File: epstopdf-sys.cfg 2021/03/18 v2.0 Configuration of epstopdf for MiKTeX
))
*geometry* driver: auto-detecting
*geometry* detected driver: pdftex
*geometry* verbose mode - [ preamble ] result:
* driver: pdftex
* paper: custom
* layout: <same size as paper>
* layoutoffset:(h,v)=(0.0pt,0.0pt)
* modes: 
* h-part:(L,W,R)=(5.69054pt, 825.12991pt, 5.69054pt)
* v-part:(T,H,B)=(5.69054pt, 845.04684pt, 5.69054pt)
* \paperwidth=836.51099pt
* \paperheight=856.42792pt
* \textwidth=825.12991pt
* \textheight=845.04684pt
* \oddsidemargin=-66.57945pt
* \evensidemargin=-66.57945pt
* \topmargin=-103.57945pt
* \headheight=12.0pt
* \headsep=25.0pt
* \topskip=10.0pt
* \footskip=30.0pt
* \marginparwidth=65.0pt
* \marginparsep=11.0pt
* \columnsep=10.0pt
* \skip\footins=9.0pt plus 4.0pt minus 2.0pt
* \hoffset=0.0pt
* \voffset=0.0pt
* \mag=1000
* \@twocolumnfalse
* \@twosidefalse
* \@mparswitchfalse
* \@reversemarginfalse
* (1in=72.27pt=25.4mm, 1cm=28.453pt)

<../../../scans2/page-210101097-01.pdf, id=4, 597.432pt x 844.83629pt>
File: ../../../scans2/page-210101097-01.pdf Graphic file (type pdf)
<use ../../../scans2/page-210101097-01.pdf>
Package pdftex.def Info: ../../../scans2/page-210101097-01.pdf  used on input l
ine 8.
(pdftex.def)             Requested size: 597.43054pt x 844.83423pt.
LaTeX Font Info:    Trying to load font information for U+msa on input line 11.

(C:\Users\Dev Sharma\AppData\Local\Programs\MiKTeX\tex/latex/amsfonts\umsa.fd
File: umsa.fd 2013/01/14 v3.01 AMS symbols A
)
LaTeX Font Info:    Trying to load font information for U+msb on input line 11.


(C:\Users\Dev Sharma\AppData\Local\Programs\MiKTeX\tex/latex/amsfonts\umsb.fd
File: umsb.fd 2013/01/14 v3.01 AMS symbols B
)
Underfull \hbox (badness 1019) in paragraph at lines 12--12
[][]\OT1/cmr/bx/n/12 Your $\OML/cmm/m/it/12 ^^L\OT1/cmr/m/n/12 (\OML/cmm/m/it/1
2 t\OT1/cmr/m/n/12 )$ \OT1/cmr/bx/n/12 is NOT the arc--length
 []

[1{C:/Users/Dev Sharma/AppData/Local/MiKTeX/fonts/map/pdftex/pdftex.map}

 <../../../scans2/page-210101097-01.pdf, page is rotated 180 degrees>]
(210101097-Q-01-P-01.aux)
 ***********
LaTeX2e <2023-11-01> patch level 1
L3 programming layer <2024-01-04>
 ***********
 ) 
Here is how much of TeX's memory you used:
 18997 strings out of 474486
 371893 string characters out of 5741359
 1928542 words of memory out of 5000000
 40874 multiletter control sequences out of 15000+600000
 565643 words of font info for 66 fonts, out of 8000000 for 9000
 1141 hyphenation exceptions out of 8191
 131i,8n,131p,470b,258s stack positions out of 10000i,1000n,20000p,200000b,200000s
<C:/Users/Dev Sharma/AppData/Local/Programs/MiKTeX/fonts/type1/public/amsfont
s/cm/cmbx12.pfb><C:/Users/Dev Sharma/AppData/Local/Programs/MiKTeX/fonts/type1/
public/amsfonts/cm/cmmi12.pfb><C:/Users/Dev Sharma/AppData/Local/Programs/MiKTe
X/fonts/type1/public/amsfonts/cm/cmr10.pfb><C:/Users/Dev Sharma/AppData/Local/P
rograms/MiKTeX/fonts/type1/public/amsfonts/cm/cmr12.pfb>
Output written on 210101097-Q-01-P-01.pdf (1 page, 92400 bytes).
PDF statistics:
 44 PDF objects out of 1000 (max. 8388607)
 0 named destinations out of 1000 (max. 500000)
 18 words of extra memory for PDF output out of 10000 (max. 10000000)

